<?xml version="1.0" encoding="UTF-8"?>
<testng-results ignored="0" total="2" passed="2" failed="0" skipped="0">
  <reporter-output>
  </reporter-output>
  <suite started-at="2024-01-13T07:07:35Z" name="Suite" finished-at="2024-01-13T07:07:42Z" duration-ms="6889">
    <groups>
    </groups>
    <test started-at="2024-01-13T07:07:35Z" name="Test" finished-at="2024-01-13T07:07:42Z" duration-ms="6889">
      <class name="test.java.TestCases.LoginScenarios">
        <test-method is-config="true" signature="Setup()[pri:0, instance:test.java.TestCases.LoginScenarios@38b27cdc]" started-at="2024-01-13T07:07:35Z" name="Setup" finished-at="2024-01-13T07:07:38Z" duration-ms="2913" status="PASS">
          <reporter-output>
          </reporter-output>
        </test-method> <!-- Setup -->
        <test-method signature="LoginFailureTest()[pri:0, instance:test.java.TestCases.LoginScenarios@38b27cdc]" started-at="2024-01-13T07:07:38Z" name="LoginFailureTest" finished-at="2024-01-13T07:07:39Z" duration-ms="660" status="PASS">
          <reporter-output>
          </reporter-output>
        </test-method> <!-- LoginFailureTest -->
        <test-method is-config="true" signature="TearDown()[pri:0, instance:test.java.TestCases.LoginScenarios@38b27cdc]" started-at="2024-01-13T07:07:39Z" name="TearDown" finished-at="2024-01-13T07:07:39Z" duration-ms="116" status="PASS">
          <reporter-output>
          </reporter-output>
        </test-method> <!-- TearDown -->
        <test-method is-config="true" signature="Setup()[pri:0, instance:test.java.TestCases.LoginScenarios@38b27cdc]" started-at="2024-01-13T07:07:39Z" name="Setup" finished-at="2024-01-13T07:07:41Z" duration-ms="2330" status="PASS">
          <reporter-output>
          </reporter-output>
        </test-method> <!-- Setup -->
        <test-method signature="LoginSuccessTest()[pri:0, instance:test.java.TestCases.LoginScenarios@38b27cdc]" started-at="2024-01-13T07:07:41Z" name="LoginSuccessTest" finished-at="2024-01-13T07:07:42Z" duration-ms="748" status="PASS">
          <reporter-output>
          </reporter-output>
        </test-method> <!-- LoginSuccessTest -->
        <test-method is-config="true" signature="TearDown()[pri:0, instance:test.java.TestCases.LoginScenarios@38b27cdc]" started-at="2024-01-13T07:07:42Z" name="TearDown" finished-at="2024-01-13T07:07:42Z" duration-ms="101" status="PASS">
          <reporter-output>
          </reporter-output>
        </test-method> <!-- TearDown -->
      </class> <!-- test.java.TestCases.LoginScenarios -->
    </test> <!-- Test -->
  </suite> <!-- Suite -->
</testng-results>
