<?xml version="1.0" encoding="UTF-8"?>
<testng-results ignored="0" total="2" passed="2" failed="0" skipped="0">
  <reporter-output>
  </reporter-output>
  <suite started-at="2024-01-12T11:27:31Z" name="Default suite" finished-at="2024-01-12T11:27:59Z" duration-ms="28166">
    <groups>
    </groups>
    <test started-at="2024-01-12T11:27:31Z" name="Default test" finished-at="2024-01-12T11:27:59Z" duration-ms="28166">
      <class name="test.java.testcases.LoginTest">
        <test-method is-config="true" signature="Setup()[pri:0, instance:test.java.testcases.LoginTest@74bf1791]" started-at="2024-01-12T11:27:31Z" name="Setup" finished-at="2024-01-12T11:27:36Z" duration-ms="5371" status="PASS">
          <reporter-output>
          </reporter-output>
        </test-method> <!-- Setup -->
        <test-method signature="LoginFailureTest()[pri:0, instance:test.java.testcases.LoginTest@74bf1791]" started-at="2024-01-12T11:27:36Z" name="LoginFailureTest" finished-at="2024-01-12T11:27:47Z" duration-ms="10312" status="PASS">
          <reporter-output>
          </reporter-output>
        </test-method> <!-- LoginFailureTest -->
        <test-method is-config="true" signature="TearDown()[pri:0, instance:test.java.testcases.LoginTest@74bf1791]" started-at="2024-01-12T11:27:47Z" name="TearDown" finished-at="2024-01-12T11:27:47Z" duration-ms="113" status="PASS">
          <reporter-output>
          </reporter-output>
        </test-method> <!-- TearDown -->
        <test-method is-config="true" signature="Setup()[pri:0, instance:test.java.testcases.LoginTest@74bf1791]" started-at="2024-01-12T11:27:47Z" name="Setup" finished-at="2024-01-12T11:27:50Z" duration-ms="3259" status="PASS">
          <reporter-output>
          </reporter-output>
        </test-method> <!-- Setup -->
        <test-method signature="LoginSuccessTest()[pri:0, instance:test.java.testcases.LoginTest@74bf1791]" started-at="2024-01-12T11:27:50Z" name="LoginSuccessTest" finished-at="2024-01-12T11:27:59Z" duration-ms="8993" status="PASS">
          <reporter-output>
          </reporter-output>
        </test-method> <!-- LoginSuccessTest -->
        <test-method is-config="true" signature="TearDown()[pri:0, instance:test.java.testcases.LoginTest@74bf1791]" started-at="2024-01-12T11:27:59Z" name="TearDown" finished-at="2024-01-12T11:27:59Z" duration-ms="96" status="PASS">
          <reporter-output>
          </reporter-output>
        </test-method> <!-- TearDown -->
      </class> <!-- test.java.testcases.LoginTest -->
    </test> <!-- Default test -->
  </suite> <!-- Default suite -->
</testng-results>
